<?xml version="1.0" encoding="UTF-8"?>
<testng-results ignored="0" total="1" passed="1" failed="0" skipped="0">
  <reporter-output>
    <line>
      <![CDATA[Verify on for search item page]]>
    </line>
    <line>
      <![CDATA[Verify that Related Search section appears]]>
    </line>
  </reporter-output>
  <suite started-at="2022-04-11T04:06:12 BST" name="Practice Suite" finished-at="2022-04-11T04:06:48 BST" duration-ms="35475">
    <groups>
      <group name="Regression">
        <method signature="searchTestUI.testProductRelatedSearchSection()[pri:0, instance:uiTest.searchTestUI@22ff4249]" name="testProductRelatedSearchSection" class="uiTest.searchTestUI"/>
      </group> <!-- Regression -->
      <group name="Unit">
        <method signature="searchTestUI.testProductRelatedSearchSection()[pri:0, instance:uiTest.searchTestUI@22ff4249]" name="testProductRelatedSearchSection" class="uiTest.searchTestUI"/>
      </group> <!-- Unit -->
    </groups>
    <test started-at="2022-04-11T04:06:12 BST" name="Test Basics 1" finished-at="2022-04-11T04:06:48 BST" duration-ms="35475">
      <class name="uiTest.searchTestUI">
        <test-method is-config="true" signature="setExtent()[pri:0, instance:uiTest.searchTestUI@22ff4249]" started-at="2022-04-11T04:06:12 BST" name="setExtent" finished-at="2022-04-11T04:06:13 BST" duration-ms="330" status="PASS">
          <reporter-output>
          </reporter-output>
        </test-method> <!-- setExtent -->
        <test-method is-config="true" signature="launchBrowser(java.lang.String)[pri:0, instance:uiTest.searchTestUI@22ff4249]" started-at="2022-04-11T04:06:13 BST" name="launchBrowser" finished-at="2022-04-11T04:06:22 BST" duration-ms="8841" status="PASS">
          <params>
            <param index="0">
              <value>
                <![CDATA[http://amazon.co.uk]]>
              </value>
            </param>
          </params>
          <reporter-output>
          </reporter-output>
        </test-method> <!-- launchBrowser -->
        <test-method signature="testProductRelatedSearchSection()[pri:0, instance:uiTest.searchTestUI@22ff4249]" started-at="2022-04-11T04:06:22 BST" name="testProductRelatedSearchSection" description="Verify that Product Related Search Section appears" finished-at="2022-04-11T04:06:47 BST" duration-ms="24976" status="PASS">
          <reporter-output>
            <line>
              <![CDATA[Verify on for search item page]]>
            </line>
            <line>
              <![CDATA[Verify that Related Search section appears]]>
            </line>
          </reporter-output>
        </test-method> <!-- testProductRelatedSearchSection -->
        <test-method is-config="true" signature="tearDown(org.testng.ITestResult)[pri:0, instance:uiTest.searchTestUI@22ff4249]" started-at="2022-04-11T04:06:47 BST" name="tearDown" finished-at="2022-04-11T04:06:47 BST" duration-ms="662" status="PASS">
          <params>
            <param index="0">
              <value>
                <![CDATA[[TestResult name=testProductRelatedSearchSection status=SUCCESS method=searchTestUI.testProductRelatedSearchSection()[pri:0, instance:uiTest.searchTestUI@22ff4249] output=Verify on for search item page]]]>
              </value>
            </param>
          </params>
          <reporter-output>
          </reporter-output>
        </test-method> <!-- tearDown -->
        <test-method is-config="true" signature="endReport()[pri:0, instance:uiTest.searchTestUI@22ff4249]" started-at="2022-04-11T04:06:47 BST" name="endReport" finished-at="2022-04-11T04:06:48 BST" duration-ms="584" status="PASS">
          <reporter-output>
          </reporter-output>
        </test-method> <!-- endReport -->
      </class> <!-- uiTest.searchTestUI -->
    </test> <!-- Test Basics 1 -->
  </suite> <!-- Practice Suite -->
</testng-results>
